<?xml version="1.0" encoding="utf-8"?><testsuites name="pytest tests"><testsuite name="pytest" errors="1" failures="0" skipped="0" tests="1" time="0.180" timestamp="2026-08-20T15:51:45.766731+08:00" hostname="MacBook-Pro-3.local"><testcase classname="" name="generated.backend.test_tc_be_004_backend" time="0.000"><error message="collection failure">generated/backend/test_tc_be_004_backend.py:1: in &lt;module&gt;
    CASE_SPEC={'id':'TC-BE-004-BACKEND','title':'所有 what 和 what-list 动态关联识别及非动态控制','test_level':'backend','preconditions':['执行前通过真实元数据接口取得当前环境全部 what 和 what-list 对象及字段。','可控故障点能触发已知对象关系不支持异常、元数据异常和普通非 what/what-list 关系成功分支。'],'test_data':{'namespace':'a08_detail_drill_i18n_TC_BE_004','locales':['zh_CN','en'],'datasets':[{'expected_reason':'dynamic_relation','id':'DR-01','scope':'actual_what','topic_restriction':false},{'expected_reason':'dynamic_relation','id':'DR-02','scope':'actual_what_list','topic_restriction':false},{'expected_reason':'dynamic_relation','id':'DR-03','scope':'business_process_actual_what_fields','topic_restriction':false},{'expected_reason':'dynamic_relation','id':'DR-04','scope':'business_process_task_actual_what_fields','topic_restriction':false},{'expected_reason':'dynamic_relation','id':'DR-05','scope':'service_record_actual_what_fields','topic_restriction':false},{'conversion_result':'success','expected_status':'success','id':'CTRL-01','scope':'ordinary_non_what_non_what_list_field'},{'expected_behavior':'preserve_actual_business_response','id':'CTRL-02','scope':'missing_relation_metadata'},{'expected_behavior':'preserve_actual_business_response','id':'CTRL-03','scope':'metadata_service_error'}]},'steps':[{'name':'query_real_metadata','request':{'api':'fs_bi_stat.describe_query.detail','json':{'namespace':'a08_detail_drill_i18n_TC_BE_004','scope':'all_what_and_what_list'}},'extract':{},'expect':{}},{'name':'create_dynamic_relation_metrics','request':{'api':'fs_bi_crm.stat_create.create_stat_view','json':{'namespace':'a08_detail_drill_i18n_TC_BE_004','rows':['DR-01','DR-02','DR-03','DR-04','DR-05','CTRL-01','CTRL-02','CTRL-03']}},'extract':{},'expect':{}},{'name':'detail_query_zh_CN','request':{'api':'fs_bi_stat.stat_base.detail_data_query','json':{'namespace':'a08_detail_drill_i18n_TC_BE_004','rows':['DR-01','DR-02','DR-03','DR-04','DR-05','CTRL-01','CTRL-02','CTRL-03'],'locale':'zh_CN'}},'extract':{},'expect':{}},{'name':'detail_query_en','request':{'api':'fs_bi_stat.stat_base.detail_data_query','json':{'namespace':'a08_detail_drill_i18n_TC_BE_004','rows':['DR-01','DR-02','DR-03','DR-04','DR-05','CTRL-01','CTRL-02','CTRL-03'],'locale':'en'}},'extract':{},'expect':{}}],'expected':[{'id':'EXP-BE-004-01','oracle':{'matcher':'equals','observation_point':'detail_api.dynamic_relation_rows.error_code','expected_value':'s307011537','source_ref':'RULE-I18N-DYNAMIC-RELATION','type':'deterministic'}},{'id':'EXP-BE-004-02','oracle':{'matcher':'equals','observation_point':'detail_api.error.message.zh_CN','expected_value':'基于动态关联关系创建的统计指标，不支持查看明细','source_ref':'RULE-I18N-DYNAMIC-RELATION','type':'deterministic'}},{'id':'EXP-BE-004-03','oracle':{'matcher':'equals','observation_point':'detail_api.error.message.en','expected_value':'Metrics created based on dynamic relationships do not support Details view.','source_ref':'RULE-I18N-DYNAMIC-RELATION','type':'deterministic'}},{'id':'EXP-BE-004-04','oracle':{'matcher':'equals','observation_point':'detail_api.controls.CTRL-01','expected_value':{'forbidden_error_codes':['s307011534','s307011535','s307011536','s307011537'],'paging':'present','result_structure':'present','status':'success'},'source_ref':'TF-006','type':'deterministic'}},{'id':'EXP-BE-004-05','oracle':{'matcher':'manual_confirmation','observation_point':'detail_api.controls.CTRL-02.full_response','expected_value':'preserve_actual_business_response','source_ref':'TF-006','type':'human_review'}},{'id':'EXP-BE-004-06','oracle':{'matcher':'manual_confirmation','observation_point':'detail_api.controls.CTRL-03.full_response','expected_value':'preserve_actual_business_response','source_ref':'TF-006','type':'human_review'}}],'cleanup':['删除动态关联和普通关系测试指标。','撤销元数据及关系转换故障注入。','删除命名空间内测试对象数据。']}
                                                                                                                                                                                                                                                                                                                                                                                                                               ^^^^^
E   NameError: name 'false' is not defined</error></testcase></testsuite></testsuites>